Using pre-set license
Built from '2020.3/staging' branch; Version is '2020.3.0f1 (c7b5465681fb) revision 13088070'; Using compiler version '192528614'; Build Type 'Release'
OS: 'Windows 10 Home; OS build 19042.964; Version 2009; 64bit' Language: 'tr' Physical Memory: 7549 MB
BatchMode: 1, IsHumanControllingUs: 0, StartBugReporterOnCrash: 0, Is64bit: 1, IsPro: 0

 COMMAND LINE ARGUMENTS:
C:\Program Files\Unity\Hub\Editor\2020.3.0f1\Editor\Unity.exe
-adb2
-batchMode
-noUpm
-name
AssetImportWorker0
-projectPath
C:/Users/ertug/Documents/GitHub/DarkForce
-logFile
Logs/AssetImportWorker0.log
-srvPort
60383
Successfully changed project path to: C:/Users/ertug/Documents/GitHub/DarkForce
C:/Users/ertug/Documents/GitHub/DarkForce
Using Asset Import Pipeline V2.
Refreshing native plugins compatible for Editor in 47.96 ms, found 1 plugins.
Preloading 0 native plugins for Editor in 0.00 ms.
Initialize engine version: 2020.3.0f1 (c7b5465681fb)
[Subsystems] Discovering subsystems at path C:/Program Files/Unity/Hub/Editor/2020.3.0f1/Editor/Data/Resources/UnitySubsystems
[Subsystems] Discovering subsystems at path C:/Users/ertug/Documents/GitHub/DarkForce/Assets
GfxDevice: creating device client; threaded=0
Direct3D:
    Version:  Direct3D 11.0 [level 11.1]
    Renderer: NVIDIA GeForce GTX 1650 (ID=0x1f99)
    Vendor:   
    VRAM:     3962 MB
    Driver:   27.21.14.6611
Shader 'Custom/AdditiveTintable': fallback shader 'Particles/Additive (Soft)' not found
Initialize mono
Mono path[0] = 'C:/Program Files/Unity/Hub/Editor/2020.3.0f1/Editor/Data/Managed'
Mono path[1] = 'C:/Program Files/Unity/Hub/Editor/2020.3.0f1/Editor/Data/MonoBleedingEdge/lib/mono/unityjit'
Mono config path = 'C:/Program Files/Unity/Hub/Editor/2020.3.0f1/Editor/Data/MonoBleedingEdge/etc'
Using monoOptions --debugger-agent=transport=dt_socket,embedding=1,server=y,suspend=n,address=127.0.0.1:56024
Begin MonoManager ReloadAssembly
Registering precompiled unity dll's ...
Register platform support module: C:/Program Files/Unity/Hub/Editor/2020.3.0f1/Editor/Data/PlaybackEngines/WindowsStandaloneSupport/UnityEditor.WindowsStandalone.Extensions.dll
Registered in 0.004852 seconds.
Native extension for WindowsStandalone target not found
Refreshing native plugins compatible for Editor in 38.32 ms, found 1 plugins.
Preloading 0 native plugins for Editor in 0.00 ms.
Invoked RoslynAnalysisRunner static constructor.
RoslynAnalysisRunner will not be running.
RoslynAnalysisRunner has terminated.
Mono: successfully reloaded assembly
- Completed reload, in  3.730 seconds
Platform modules already initialized, skipping
Registering precompiled user dll's ...
Registered in 0.002476 seconds.
Begin MonoManager ReloadAssembly
Native extension for WindowsStandalone target not found
Refreshing native plugins compatible for Editor in 0.77 ms, found 1 plugins.
Preloading 0 native plugins for Editor in 0.00 ms.
Invoked RoslynAnalysisRunner static constructor.
RoslynAnalysisRunner will not be running.
RoslynAnalysisRunner has terminated.
Mono: successfully reloaded assembly
- Completed reload, in  1.030 seconds
Platform modules already initialized, skipping
========================================================================
Worker process is ready to serve import requests
Shader 'Custom/AdditiveTintable': fallback shader 'Particles/Additive (Soft)' not found
Launched and connected shader compiler UnityShaderCompiler.exe after 0.06 seconds
Refreshing native plugins compatible for Editor in 0.53 ms, found 1 plugins.
Preloading 0 native plugins for Editor in 0.00 ms.
Unloading 1635 Unused Serialized files (Serialized files now loaded: 0)
System memory in use before: 173.4 MB.
System memory in use after: 173.2 MB.

Unloading 15 unused Assets to reduce memory usage. Loaded Objects now: 2110.
Total: 11.763100 ms (FindLiveObjects: 0.831300 ms CreateObjectMapping: 0.132000 ms MarkObjects: 10.020200 ms  DeleteObjects: 0.773500 ms)

========================================================================
Received Import Request.
  path: Assets/Scripts/Movement.cs
  artifactKey: Guid(29faff08aa7c4064a9e21dbfdb87d1a5) Importer(815301076,1909f56bfc062723c751e8b465ee728b)
Start importing Assets/Scripts/Movement.cs using Guid(29faff08aa7c4064a9e21dbfdb87d1a5) Importer(815301076,1909f56bfc062723c751e8b465ee728b)  -> (artifact id: '31b1e96ea5e1efb1265a3774c0bccf12') in 0.052766 seconds
  Import took 0.058579 seconds .

========================================================================
Received Prepare
Registering precompiled user dll's ...
Registered in 0.001108 seconds.
Begin MonoManager ReloadAssembly
Native extension for WindowsStandalone target not found
Refreshing native plugins compatible for Editor in 0.52 ms, found 1 plugins.
Preloading 0 native plugins for Editor in 0.00 ms.
Invoked RoslynAnalysisRunner static constructor.
RoslynAnalysisRunner will not be running.
RoslynAnalysisRunner has terminated.
Mono: successfully reloaded assembly
- Completed reload, in  0.778 seconds
Platform modules already initialized, skipping
Shader 'Custom/AdditiveTintable': fallback shader 'Particles/Additive (Soft)' not found
Refreshing native plugins compatible for Editor in 0.42 ms, found 1 plugins.
Preloading 0 native plugins for Editor in 0.00 ms.
Unloading 1580 Unused Serialized files (Serialized files now loaded: 0)
System memory in use before: 169.5 MB.
System memory in use after: 169.3 MB.

Unloading 10 unused Assets to reduce memory usage. Loaded Objects now: 2113.
Total: 5.174900 ms (FindLiveObjects: 0.273900 ms CreateObjectMapping: 0.071600 ms MarkObjects: 4.095000 ms  DeleteObjects: 0.731500 ms)

========================================================================
Received Import Request.
  Time since last request: 54.800854 seconds.
  path: Assets/Scripts/Movement.cs
  artifactKey: Guid(29faff08aa7c4064a9e21dbfdb87d1a5) Importer(815301076,1909f56bfc062723c751e8b465ee728b)
Start importing Assets/Scripts/Movement.cs using Guid(29faff08aa7c4064a9e21dbfdb87d1a5) Importer(815301076,1909f56bfc062723c751e8b465ee728b)  -> (artifact id: '390d62a936260746d31b7e0f151397bc') in 0.006826 seconds
  Import took 0.011399 seconds .

========================================================================
Received Import Request.
  Time since last request: 1.419828 seconds.
  path: Assets/Scripts/Movement.cs
  artifactKey: Guid(29faff08aa7c4064a9e21dbfdb87d1a5) Importer(815301076,1909f56bfc062723c751e8b465ee728b)
Start importing Assets/Scripts/Movement.cs using Guid(29faff08aa7c4064a9e21dbfdb87d1a5) Importer(815301076,1909f56bfc062723c751e8b465ee728b)  -> (artifact id: '390d62a936260746d31b7e0f151397bc') in 0.002393 seconds
  Import took 0.007046 seconds .

========================================================================
Received Prepare
Registering precompiled user dll's ...
Registered in 0.002429 seconds.
Begin MonoManager ReloadAssembly
Native extension for WindowsStandalone target not found
Refreshing native plugins compatible for Editor in 0.41 ms, found 1 plugins.
Preloading 0 native plugins for Editor in 0.00 ms.
Invoked RoslynAnalysisRunner static constructor.
RoslynAnalysisRunner will not be running.
RoslynAnalysisRunner has terminated.
Mono: successfully reloaded assembly
- Completed reload, in  0.808 seconds
Platform modules already initialized, skipping
Shader 'Custom/AdditiveTintable': fallback shader 'Particles/Additive (Soft)' not found
Refreshing native plugins compatible for Editor in 0.46 ms, found 1 plugins.
Preloading 0 native plugins for Editor in 0.00 ms.
Unloading 1580 Unused Serialized files (Serialized files now loaded: 0)
System memory in use before: 169.5 MB.
System memory in use after: 169.3 MB.

Unloading 10 unused Assets to reduce memory usage. Loaded Objects now: 2116.
Total: 2.242700 ms (FindLiveObjects: 0.308500 ms CreateObjectMapping: 0.098600 ms MarkObjects: 1.510800 ms  DeleteObjects: 0.322700 ms)

========================================================================
Received Import Request.
  Time since last request: 40.732395 seconds.
  path: Assets/Scripts/Ultimate.cs
  artifactKey: Guid(c909de03a427c9e40883a92e40fe8f85) Importer(815301076,1909f56bfc062723c751e8b465ee728b)
Start importing Assets/Scripts/Ultimate.cs using Guid(c909de03a427c9e40883a92e40fe8f85) Importer(815301076,1909f56bfc062723c751e8b465ee728b)  -> (artifact id: '5f4872c36d0d565a5582215e0abaa1cb') in 0.013301 seconds
  Import took 0.018315 seconds .

========================================================================
Received Import Request.
  Time since last request: 13.325536 seconds.
  path: Assets/Scripts/Enemy_AI.cs
  artifactKey: Guid(f61a4f26df1b32b4f8a76e4a3e763386) Importer(815301076,1909f56bfc062723c751e8b465ee728b)
Start importing Assets/Scripts/Enemy_AI.cs using Guid(f61a4f26df1b32b4f8a76e4a3e763386) Importer(815301076,1909f56bfc062723c751e8b465ee728b)  -> (artifact id: '1e4f94b6415db2b0395cb049e905de6d') in 0.007565 seconds
  Import took 0.012259 seconds .

========================================================================
Received Import Request.
  Time since last request: 0.007857 seconds.
  path: Assets/Scripts/Enemy_AI.cs
  artifactKey: Guid(f61a4f26df1b32b4f8a76e4a3e763386) Importer(815301076,1909f56bfc062723c751e8b465ee728b)
Start importing Assets/Scripts/Enemy_AI.cs using Guid(f61a4f26df1b32b4f8a76e4a3e763386) Importer(815301076,1909f56bfc062723c751e8b465ee728b)  -> (artifact id: '1e4f94b6415db2b0395cb049e905de6d') in 0.002433 seconds
  Import took 0.005516 seconds .

========================================================================
Received Prepare
Registering precompiled user dll's ...
Registered in 0.001259 seconds.
Begin MonoManager ReloadAssembly
Native extension for WindowsStandalone target not found
Refreshing native plugins compatible for Editor in 0.40 ms, found 1 plugins.
Preloading 0 native plugins for Editor in 0.00 ms.
Invoked RoslynAnalysisRunner static constructor.
RoslynAnalysisRunner will not be running.
RoslynAnalysisRunner has terminated.
Mono: successfully reloaded assembly
- Completed reload, in  0.859 seconds
Platform modules already initialized, skipping
Shader 'Custom/AdditiveTintable': fallback shader 'Particles/Additive (Soft)' not found
Refreshing native plugins compatible for Editor in 0.40 ms, found 1 plugins.
Preloading 0 native plugins for Editor in 0.00 ms.
Unloading 1580 Unused Serialized files (Serialized files now loaded: 0)
System memory in use before: 169.5 MB.
System memory in use after: 169.3 MB.

Unloading 10 unused Assets to reduce memory usage. Loaded Objects now: 2119.
Total: 2.873800 ms (FindLiveObjects: 0.334200 ms CreateObjectMapping: 0.044100 ms MarkObjects: 2.136000 ms  DeleteObjects: 0.357800 ms)

========================================================================
Received Import Request.
  Time since last request: 31.870217 seconds.
  path: Assets/Scripts/Enemy_AI.cs
  artifactKey: Guid(f61a4f26df1b32b4f8a76e4a3e763386) Importer(815301076,1909f56bfc062723c751e8b465ee728b)
Start importing Assets/Scripts/Enemy_AI.cs using Guid(f61a4f26df1b32b4f8a76e4a3e763386) Importer(815301076,1909f56bfc062723c751e8b465ee728b)  -> (artifact id: '61c7b9a7a279d3eca55c65445782c2f0') in 0.006498 seconds
  Import took 0.014891 seconds .

========================================================================
Received Import Request.
  Time since last request: 1.393120 seconds.
  path: Assets/Scripts/Enemy_AI.cs
  artifactKey: Guid(f61a4f26df1b32b4f8a76e4a3e763386) Importer(815301076,1909f56bfc062723c751e8b465ee728b)
Start importing Assets/Scripts/Enemy_AI.cs using Guid(f61a4f26df1b32b4f8a76e4a3e763386) Importer(815301076,1909f56bfc062723c751e8b465ee728b)  -> (artifact id: '61c7b9a7a279d3eca55c65445782c2f0') in 0.002475 seconds
  Import took 0.005793 seconds .

========================================================================
Received Prepare
Registering precompiled user dll's ...
Registered in 0.001381 seconds.
Begin MonoManager ReloadAssembly
Native extension for WindowsStandalone target not found
Refreshing native plugins compatible for Editor in 0.55 ms, found 1 plugins.
Preloading 0 native plugins for Editor in 0.00 ms.
Invoked RoslynAnalysisRunner static constructor.
RoslynAnalysisRunner will not be running.
RoslynAnalysisRunner has terminated.
Mono: successfully reloaded assembly
- Completed reload, in  0.846 seconds
Platform modules already initialized, skipping
Shader 'Custom/AdditiveTintable': fallback shader 'Particles/Additive (Soft)' not found
Refreshing native plugins compatible for Editor in 0.57 ms, found 1 plugins.
Preloading 0 native plugins for Editor in 0.00 ms.
Unloading 1580 Unused Serialized files (Serialized files now loaded: 0)
System memory in use before: 169.5 MB.
System memory in use after: 169.3 MB.

Unloading 10 unused Assets to reduce memory usage. Loaded Objects now: 2122.
Total: 2.491400 ms (FindLiveObjects: 0.356600 ms CreateObjectMapping: 0.041900 ms MarkObjects: 1.735000 ms  DeleteObjects: 0.355800 ms)

========================================================================
Received Prepare
Registering precompiled user dll's ...
Registered in 0.001131 seconds.
Begin MonoManager ReloadAssembly
Native extension for WindowsStandalone target not found
Refreshing native plugins compatible for Editor in 0.44 ms, found 1 plugins.
Preloading 0 native plugins for Editor in 0.00 ms.
Invoked RoslynAnalysisRunner static constructor.
RoslynAnalysisRunner will not be running.
RoslynAnalysisRunner has terminated.
Mono: successfully reloaded assembly
- Completed reload, in  0.748 seconds
Platform modules already initialized, skipping
Shader 'Custom/AdditiveTintable': fallback shader 'Particles/Additive (Soft)' not found
Refreshing native plugins compatible for Editor in 0.41 ms, found 1 plugins.
Preloading 0 native plugins for Editor in 0.00 ms.
Unloading 1580 Unused Serialized files (Serialized files now loaded: 0)
System memory in use before: 169.5 MB.
System memory in use after: 169.3 MB.

Unloading 10 unused Assets to reduce memory usage. Loaded Objects now: 2125.
Total: 2.374800 ms (FindLiveObjects: 0.315600 ms CreateObjectMapping: 0.051200 ms MarkObjects: 1.647000 ms  DeleteObjects: 0.359700 ms)

========================================================================
Received Prepare
Registering precompiled user dll's ...
Registered in 0.001155 seconds.
Begin MonoManager ReloadAssembly
Native extension for WindowsStandalone target not found
Refreshing native plugins compatible for Editor in 0.62 ms, found 1 plugins.
Preloading 0 native plugins for Editor in 0.00 ms.
Invoked RoslynAnalysisRunner static constructor.
RoslynAnalysisRunner will not be running.
RoslynAnalysisRunner has terminated.
Mono: successfully reloaded assembly
- Completed reload, in  0.779 seconds
Platform modules already initialized, skipping
Shader 'Custom/AdditiveTintable': fallback shader 'Particles/Additive (Soft)' not found
Refreshing native plugins compatible for Editor in 0.45 ms, found 1 plugins.
Preloading 0 native plugins for Editor in 0.00 ms.
Unloading 1580 Unused Serialized files (Serialized files now loaded: 0)
System memory in use before: 169.5 MB.
System memory in use after: 169.3 MB.

Unloading 10 unused Assets to reduce memory usage. Loaded Objects now: 2128.
Total: 2.360200 ms (FindLiveObjects: 0.229300 ms CreateObjectMapping: 0.042900 ms MarkObjects: 1.708000 ms  DeleteObjects: 0.378200 ms)

========================================================================
Received Prepare
Registering precompiled user dll's ...
Registered in 0.001130 seconds.
Begin MonoManager ReloadAssembly
Native extension for WindowsStandalone target not found
Refreshing native plugins compatible for Editor in 0.39 ms, found 1 plugins.
Preloading 0 native plugins for Editor in 0.00 ms.
Invoked RoslynAnalysisRunner static constructor.
RoslynAnalysisRunner will not be running.
RoslynAnalysisRunner has terminated.
Mono: successfully reloaded assembly
- Completed reload, in  0.751 seconds
Platform modules already initialized, skipping
Shader 'Custom/AdditiveTintable': fallback shader 'Particles/Additive (Soft)' not found
Refreshing native plugins compatible for Editor in 0.44 ms, found 1 plugins.
Preloading 0 native plugins for Editor in 0.00 ms.
Unloading 1580 Unused Serialized files (Serialized files now loaded: 0)
System memory in use before: 169.6 MB.
System memory in use after: 169.4 MB.

Unloading 10 unused Assets to reduce memory usage. Loaded Objects now: 2131.
Total: 4.567700 ms (FindLiveObjects: 0.934600 ms CreateObjectMapping: 0.064200 ms MarkObjects: 3.037900 ms  DeleteObjects: 0.527300 ms)

========================================================================
Received Prepare
Registering precompiled user dll's ...
Registered in 0.001129 seconds.
Begin MonoManager ReloadAssembly
Native extension for WindowsStandalone target not found
Refreshing native plugins compatible for Editor in 0.41 ms, found 1 plugins.
Preloading 0 native plugins for Editor in 0.00 ms.
Invoked RoslynAnalysisRunner static constructor.
RoslynAnalysisRunner will not be running.
RoslynAnalysisRunner has terminated.
Mono: successfully reloaded assembly
- Completed reload, in  0.769 seconds
Platform modules already initialized, skipping
Shader 'Custom/AdditiveTintable': fallback shader 'Particles/Additive (Soft)' not found
Refreshing native plugins compatible for Editor in 0.41 ms, found 1 plugins.
Preloading 0 native plugins for Editor in 0.00 ms.
Unloading 1580 Unused Serialized files (Serialized files now loaded: 0)
System memory in use before: 169.6 MB.
System memory in use after: 169.4 MB.

Unloading 10 unused Assets to reduce memory usage. Loaded Objects now: 2134.
Total: 2.763400 ms (FindLiveObjects: 0.353900 ms CreateObjectMapping: 0.098400 ms MarkObjects: 1.948900 ms  DeleteObjects: 0.360100 ms)

========================================================================
Received Prepare
Registering precompiled user dll's ...
Registered in 0.001172 seconds.
Begin MonoManager ReloadAssembly
Native extension for WindowsStandalone target not found
Refreshing native plugins compatible for Editor in 0.39 ms, found 1 plugins.
Preloading 0 native plugins for Editor in 0.00 ms.
Invoked RoslynAnalysisRunner static constructor.
RoslynAnalysisRunner will not be running.
RoslynAnalysisRunner has terminated.
Mono: successfully reloaded assembly
- Completed reload, in  0.752 seconds
Platform modules already initialized, skipping
Shader 'Custom/AdditiveTintable': fallback shader 'Particles/Additive (Soft)' not found
Refreshing native plugins compatible for Editor in 0.43 ms, found 1 plugins.
Preloading 0 native plugins for Editor in 0.00 ms.
Unloading 1580 Unused Serialized files (Serialized files now loaded: 0)
System memory in use before: 169.6 MB.
System memory in use after: 169.4 MB.

Unloading 10 unused Assets to reduce memory usage. Loaded Objects now: 2137.
Total: 2.860300 ms (FindLiveObjects: 0.386200 ms CreateObjectMapping: 0.087600 ms MarkObjects: 1.939600 ms  DeleteObjects: 0.444900 ms)

========================================================================
Received Prepare
Registering precompiled user dll's ...
Registered in 0.001356 seconds.
Begin MonoManager ReloadAssembly
Native extension for WindowsStandalone target not found
Refreshing native plugins compatible for Editor in 0.40 ms, found 1 plugins.
Preloading 0 native plugins for Editor in 0.00 ms.
Invoked RoslynAnalysisRunner static constructor.
RoslynAnalysisRunner will not be running.
RoslynAnalysisRunner has terminated.
Mono: successfully reloaded assembly
- Completed reload, in  0.740 seconds
Platform modules already initialized, skipping
Shader 'Custom/AdditiveTintable': fallback shader 'Particles/Additive (Soft)' not found
Refreshing native plugins compatible for Editor in 0.39 ms, found 1 plugins.
Preloading 0 native plugins for Editor in 0.00 ms.
Unloading 1580 Unused Serialized files (Serialized files now loaded: 0)
System memory in use before: 169.6 MB.
System memory in use after: 169.4 MB.

Unloading 10 unused Assets to reduce memory usage. Loaded Objects now: 2140.
Total: 2.496100 ms (FindLiveObjects: 0.315200 ms CreateObjectMapping: 0.080400 ms MarkObjects: 1.730200 ms  DeleteObjects: 0.368300 ms)

========================================================================
Received Prepare
Registering precompiled user dll's ...
Registered in 0.001186 seconds.
Begin MonoManager ReloadAssembly
Native extension for WindowsStandalone target not found
Refreshing native plugins compatible for Editor in 0.42 ms, found 1 plugins.
Preloading 0 native plugins for Editor in 0.00 ms.
Invoked RoslynAnalysisRunner static constructor.
RoslynAnalysisRunner will not be running.
RoslynAnalysisRunner has terminated.
Mono: successfully reloaded assembly
- Completed reload, in  0.756 seconds
Platform modules already initialized, skipping
Shader 'Custom/AdditiveTintable': fallback shader 'Particles/Additive (Soft)' not found
Refreshing native plugins compatible for Editor in 0.40 ms, found 1 plugins.
Preloading 0 native plugins for Editor in 0.00 ms.
Unloading 1580 Unused Serialized files (Serialized files now loaded: 0)
System memory in use before: 169.6 MB.
System memory in use after: 169.4 MB.

Unloading 10 unused Assets to reduce memory usage. Loaded Objects now: 2143.
Total: 2.766700 ms (FindLiveObjects: 0.393400 ms CreateObjectMapping: 0.178300 ms MarkObjects: 1.828000 ms  DeleteObjects: 0.365300 ms)

========================================================================
Received Prepare
Registering precompiled user dll's ...
Registered in 0.001103 seconds.
Begin MonoManager ReloadAssembly
Native extension for WindowsStandalone target not found
Refreshing native plugins compatible for Editor in 0.56 ms, found 1 plugins.
Preloading 0 native plugins for Editor in 0.00 ms.
Invoked RoslynAnalysisRunner static constructor.
RoslynAnalysisRunner will not be running.
RoslynAnalysisRunner has terminated.
Mono: successfully reloaded assembly
- Completed reload, in  0.755 seconds
Platform modules already initialized, skipping
Shader 'Custom/AdditiveTintable': fallback shader 'Particles/Additive (Soft)' not found
Refreshing native plugins compatible for Editor in 0.39 ms, found 1 plugins.
Preloading 0 native plugins for Editor in 0.00 ms.
Unloading 1580 Unused Serialized files (Serialized files now loaded: 0)
System memory in use before: 169.6 MB.
System memory in use after: 169.4 MB.

Unloading 10 unused Assets to reduce memory usage. Loaded Objects now: 2146.
Total: 2.862200 ms (FindLiveObjects: 0.376600 ms CreateObjectMapping: 0.120300 ms MarkObjects: 2.004500 ms  DeleteObjects: 0.358300 ms)

========================================================================
Received Prepare
Registering precompiled user dll's ...
Registered in 0.001461 seconds.
Begin MonoManager ReloadAssembly
Native extension for WindowsStandalone target not found
Refreshing native plugins compatible for Editor in 0.42 ms, found 1 plugins.
Preloading 0 native plugins for Editor in 0.00 ms.
Invoked RoslynAnalysisRunner static constructor.
RoslynAnalysisRunner will not be running.
RoslynAnalysisRunner has terminated.
Mono: successfully reloaded assembly
- Completed reload, in  0.742 seconds
Platform modules already initialized, skipping
Shader 'Custom/AdditiveTintable': fallback shader 'Particles/Additive (Soft)' not found
Refreshing native plugins compatible for Editor in 0.39 ms, found 1 plugins.
Preloading 0 native plugins for Editor in 0.00 ms.
Unloading 1580 Unused Serialized files (Serialized files now loaded: 0)
System memory in use before: 169.6 MB.
System memory in use after: 169.4 MB.

Unloading 10 unused Assets to reduce memory usage. Loaded Objects now: 2149.
Total: 2.675500 ms (FindLiveObjects: 0.391600 ms CreateObjectMapping: 0.109600 ms MarkObjects: 1.813900 ms  DeleteObjects: 0.358000 ms)

========================================================================
Received Import Request.
  Time since last request: 1051.355319 seconds.
  path: Assets/Prefabs/Player.prefab
  artifactKey: Guid(c9f3da4a561798547a0c21281e04f8c2) Importer(815301076,1909f56bfc062723c751e8b465ee728b)
Start importing Assets/Prefabs/Player.prefab using Guid(c9f3da4a561798547a0c21281e04f8c2) Importer(815301076,1909f56bfc062723c751e8b465ee728b)  -> (artifact id: '2be91d2eddefbc0e7b0671ca35c29ae5') in 0.118154 seconds
  Import took 0.122917 seconds .

========================================================================
Received Import Request.
  Time since last request: 4.108936 seconds.
  path: Assets/Prefabs/Prototype fireball  1.prefab
  artifactKey: Guid(6e2419f533b70324581352284092c1cd) Importer(815301076,1909f56bfc062723c751e8b465ee728b)
Start importing Assets/Prefabs/Prototype fireball  1.prefab using Guid(6e2419f533b70324581352284092c1cd) Importer(815301076,1909f56bfc062723c751e8b465ee728b)  -> (artifact id: '588d2de8af2fe156c0772c8a9d1fcbad') in 0.027019 seconds
  Import took 0.030518 seconds .

========================================================================
Received Import Request.
  Time since last request: 9.946730 seconds.
  path: Assets/Prefabs/Basic attack object .prefab
  artifactKey: Guid(6e2419f533b70324581352284092c1cd) Importer(815301076,1909f56bfc062723c751e8b465ee728b)
Start importing Assets/Prefabs/Basic attack object .prefab using Guid(6e2419f533b70324581352284092c1cd) Importer(815301076,1909f56bfc062723c751e8b465ee728b)  -> (artifact id: '168216846801cadbe1ea9a01da7207e7') in 0.019536 seconds
  Import took 0.024335 seconds .

========================================================================
Received Import Request.
  Time since last request: 0.005953 seconds.
  path: Assets/Prefabs/Basic attack object .prefab
  artifactKey: Guid(6e2419f533b70324581352284092c1cd) Importer(815301076,1909f56bfc062723c751e8b465ee728b)
Start importing Assets/Prefabs/Basic attack object .prefab using Guid(6e2419f533b70324581352284092c1cd) Importer(815301076,1909f56bfc062723c751e8b465ee728b)  -> (artifact id: '168216846801cadbe1ea9a01da7207e7') in 0.024956 seconds
  Import took 0.028412 seconds .

========================================================================
Received Import Request.
  Time since last request: 15.934027 seconds.
  path: Assets/Scripts/ConnectedWaypoints.cs
  artifactKey: Guid(acbb4245098df5545a1d70d830149fa7) Importer(815301076,1909f56bfc062723c751e8b465ee728b)
Start importing Assets/Scripts/ConnectedWaypoints.cs using Guid(acbb4245098df5545a1d70d830149fa7) Importer(815301076,1909f56bfc062723c751e8b465ee728b)  -> (artifact id: '3654387bae52e9170efb032c6a27276e') in 0.009354 seconds
  Import took 0.012838 seconds .

========================================================================
Received Import Request.
  Time since last request: 0.000466 seconds.
  path: Assets/Scripts/ConnectedWaypoints.cs
  artifactKey: Guid(acbb4245098df5545a1d70d830149fa7) Importer(815301076,1909f56bfc062723c751e8b465ee728b)
Start importing Assets/Scripts/ConnectedWaypoints.cs using Guid(acbb4245098df5545a1d70d830149fa7) Importer(815301076,1909f56bfc062723c751e8b465ee728b)  -> (artifact id: '3654387bae52e9170efb032c6a27276e') in 0.002670 seconds
  Import took 0.006211 seconds .

========================================================================
Received Import Request.
  Time since last request: 1.382486 seconds.
  path: Assets/Scripts/Enemy_AI.cs
  artifactKey: Guid(f61a4f26df1b32b4f8a76e4a3e763386) Importer(815301076,1909f56bfc062723c751e8b465ee728b)
Start importing Assets/Scripts/Enemy_AI.cs using Guid(f61a4f26df1b32b4f8a76e4a3e763386) Importer(815301076,1909f56bfc062723c751e8b465ee728b)  -> (artifact id: '27e1ee8d52f52dba8eb3b6aa625bc6db') in 0.003231 seconds
  Import took 0.006859 seconds .

========================================================================
Received Import Request.
  Time since last request: 0.002599 seconds.
  path: Assets/Scripts/Enemy_AI.cs
  artifactKey: Guid(f61a4f26df1b32b4f8a76e4a3e763386) Importer(815301076,1909f56bfc062723c751e8b465ee728b)
Start importing Assets/Scripts/Enemy_AI.cs using Guid(f61a4f26df1b32b4f8a76e4a3e763386) Importer(815301076,1909f56bfc062723c751e8b465ee728b)  -> (artifact id: '27e1ee8d52f52dba8eb3b6aa625bc6db') in 0.002539 seconds
  Import took 0.005654 seconds .

========================================================================
Received Import Request.
  Time since last request: 2.840899 seconds.
  path: Assets/Scripts/Fireball1.cs
  artifactKey: Guid(f808f3f852a26a14c8ba66bccc60025b) Importer(815301076,1909f56bfc062723c751e8b465ee728b)
Start importing Assets/Scripts/Fireball1.cs using Guid(f808f3f852a26a14c8ba66bccc60025b) Importer(815301076,1909f56bfc062723c751e8b465ee728b)  -> (artifact id: 'cb7dabb895b3ee0d0b6372a366bf2d78') in 0.007970 seconds
  Import took 0.012384 seconds .

========================================================================
Received Import Request.
  Time since last request: 8.940847 seconds.
  path: Assets/Scripts/BasicAttack.cs
  artifactKey: Guid(f808f3f852a26a14c8ba66bccc60025b) Importer(815301076,1909f56bfc062723c751e8b465ee728b)
Start importing Assets/Scripts/BasicAttack.cs using Guid(f808f3f852a26a14c8ba66bccc60025b) Importer(815301076,1909f56bfc062723c751e8b465ee728b)  -> (artifact id: 'eb1feca83746b5b8976e4cae5dd4ec6d') in 0.007784 seconds
  Import took 0.012140 seconds .

========================================================================
Received Import Request.
  Time since last request: 0.003511 seconds.
  path: Assets/Scripts/BasicAttack.cs
  artifactKey: Guid(f808f3f852a26a14c8ba66bccc60025b) Importer(815301076,1909f56bfc062723c751e8b465ee728b)
Start importing Assets/Scripts/BasicAttack.cs using Guid(f808f3f852a26a14c8ba66bccc60025b) Importer(815301076,1909f56bfc062723c751e8b465ee728b)  -> (artifact id: 'eb1feca83746b5b8976e4cae5dd4ec6d') in 0.002946 seconds
  Import took 0.006286 seconds .

========================================================================
Received Prepare
Registering precompiled user dll's ...
Registered in 0.001072 seconds.
Begin MonoManager ReloadAssembly
Native extension for WindowsStandalone target not found
Refreshing native plugins compatible for Editor in 0.46 ms, found 1 plugins.
Preloading 0 native plugins for Editor in 0.00 ms.
Invoked RoslynAnalysisRunner static constructor.
RoslynAnalysisRunner will not be running.
RoslynAnalysisRunner has terminated.
Mono: successfully reloaded assembly
- Completed reload, in  0.792 seconds
Platform modules already initialized, skipping
Shader 'Custom/AdditiveTintable': fallback shader 'Particles/Additive (Soft)' not found
Refreshing native plugins compatible for Editor in 0.40 ms, found 1 plugins.
Preloading 0 native plugins for Editor in 0.00 ms.
Unloading 1581 Unused Serialized files (Serialized files now loaded: 0)
System memory in use before: 172.8 MB.
System memory in use after: 172.6 MB.

Unloading 11 unused Assets to reduce memory usage. Loaded Objects now: 2161.
Total: 2.542800 ms (FindLiveObjects: 0.272900 ms CreateObjectMapping: 0.039800 ms MarkObjects: 1.938700 ms  DeleteObjects: 0.289400 ms)

========================================================================
Received Import Request.
  Time since last request: 78.380383 seconds.
  path: Assets/Scripts/BasicAttack.cs
  artifactKey: Guid(f808f3f852a26a14c8ba66bccc60025b) Importer(815301076,1909f56bfc062723c751e8b465ee728b)
Start importing Assets/Scripts/BasicAttack.cs using Guid(f808f3f852a26a14c8ba66bccc60025b) Importer(815301076,1909f56bfc062723c751e8b465ee728b)  -> (artifact id: '89a9a75341974dd18906aa87b80956e8') in 0.006881 seconds
  Import took 0.010914 seconds .

========================================================================
Received Prepare
Registering precompiled user dll's ...
Registered in 0.001293 seconds.
Begin MonoManager ReloadAssembly
Native extension for WindowsStandalone target not found
Refreshing native plugins compatible for Editor in 0.39 ms, found 1 plugins.
Preloading 0 native plugins for Editor in 0.00 ms.
Invoked RoslynAnalysisRunner static constructor.
RoslynAnalysisRunner will not be running.
RoslynAnalysisRunner has terminated.
Mono: successfully reloaded assembly
- Completed reload, in  0.752 seconds
Platform modules already initialized, skipping
Shader 'Custom/AdditiveTintable': fallback shader 'Particles/Additive (Soft)' not found
Refreshing native plugins compatible for Editor in 0.39 ms, found 1 plugins.
Preloading 0 native plugins for Editor in 0.00 ms.
Unloading 1581 Unused Serialized files (Serialized files now loaded: 0)
System memory in use before: 172.8 MB.
System memory in use after: 172.6 MB.

Unloading 10 unused Assets to reduce memory usage. Loaded Objects now: 2164.
Total: 2.850000 ms (FindLiveObjects: 0.396300 ms CreateObjectMapping: 0.043000 ms MarkObjects: 2.022100 ms  DeleteObjects: 0.385700 ms)

========================================================================
Received Import Request.
  Time since last request: 384.437813 seconds.
  path: Assets/Scripts/BasicAttack.cs
  artifactKey: Guid(f808f3f852a26a14c8ba66bccc60025b) Importer(815301076,1909f56bfc062723c751e8b465ee728b)
Start importing Assets/Scripts/BasicAttack.cs using Guid(f808f3f852a26a14c8ba66bccc60025b) Importer(815301076,1909f56bfc062723c751e8b465ee728b)  -> (artifact id: '2f8196dc7b5545249beb072ca1302eab') in 0.008536 seconds
  Import took 0.012667 seconds .

========================================================================
Received Import Request.
  Time since last request: 92.357354 seconds.
  path: Assets/Scripts/BasicAttack.cs
  artifactKey: Guid(f808f3f852a26a14c8ba66bccc60025b) Importer(815301076,1909f56bfc062723c751e8b465ee728b)
Start importing Assets/Scripts/BasicAttack.cs using Guid(f808f3f852a26a14c8ba66bccc60025b) Importer(815301076,1909f56bfc062723c751e8b465ee728b)  -> (artifact id: '1182facf42353e5652d4fb4525ea90ed') in 0.014082 seconds
  Import took 0.018511 seconds .

========================================================================
Received Import Request.
  Time since last request: 6.672058 seconds.
  path: Assets/Prefabs/Player.prefab
  artifactKey: Guid(c9f3da4a561798547a0c21281e04f8c2) Importer(815301076,1909f56bfc062723c751e8b465ee728b)
Start importing Assets/Prefabs/Player.prefab using Guid(c9f3da4a561798547a0c21281e04f8c2) Importer(815301076,1909f56bfc062723c751e8b465ee728b)  -> (artifact id: 'e47a34da8c1a2f7174a0c8327c09454e') in 0.063386 seconds
  Import took 0.067821 seconds .

========================================================================
Received Import Request.
  Time since last request: 12.646479 seconds.
  path: Assets/Prefabs/Basic attack object .prefab
  artifactKey: Guid(6e2419f533b70324581352284092c1cd) Importer(815301076,1909f56bfc062723c751e8b465ee728b)
Start importing Assets/Prefabs/Basic attack object .prefab using Guid(6e2419f533b70324581352284092c1cd) Importer(815301076,1909f56bfc062723c751e8b465ee728b)  -> (artifact id: 'ac61250b7d1a7a26347c9959486a24e0') in 0.021381 seconds
  Import took 0.025722 seconds .

========================================================================
Received Import Request.
  Time since last request: 0.015304 seconds.
  path: Assets/Prefabs/Basic attack object .prefab
  artifactKey: Guid(6e2419f533b70324581352284092c1cd) Importer(815301076,1909f56bfc062723c751e8b465ee728b)
Start importing Assets/Prefabs/Basic attack object .prefab using Guid(6e2419f533b70324581352284092c1cd) Importer(815301076,1909f56bfc062723c751e8b465ee728b)  -> (artifact id: 'ac61250b7d1a7a26347c9959486a24e0') in 0.034559 seconds
  Import took 0.038398 seconds .

========================================================================
Received Import Request.
  Time since last request: 2.891990 seconds.
  path: Assets/Prefabs/Basic attack object .prefab
  artifactKey: Guid(6e2419f533b70324581352284092c1cd) Importer(815301076,1909f56bfc062723c751e8b465ee728b)
Start importing Assets/Prefabs/Basic attack object .prefab using Guid(6e2419f533b70324581352284092c1cd) Importer(815301076,1909f56bfc062723c751e8b465ee728b)  -> (artifact id: '73bcf2a22bc2a09006228956ca64031e') in 0.016881 seconds
  Import took 0.021564 seconds .

========================================================================
Received Import Request.
  Time since last request: 0.010980 seconds.
  path: Assets/Prefabs/Basic attack object .prefab
  artifactKey: Guid(6e2419f533b70324581352284092c1cd) Importer(815301076,1909f56bfc062723c751e8b465ee728b)
Start importing Assets/Prefabs/Basic attack object .prefab using Guid(6e2419f533b70324581352284092c1cd) Importer(815301076,1909f56bfc062723c751e8b465ee728b)  -> (artifact id: '73bcf2a22bc2a09006228956ca64031e') in 0.017006 seconds
  Import took 0.020275 seconds .

AssetImportWorkerClient::OnTransportError - code=2 error=End of file
